<?xml version="1.0" encoding="UTF-8"?>
<!-- Generated by org.testng.reporters.JUnitReportReporter -->
<testsuite hostname="DESKTOP-FIOVNQL" failures="0" tests="3" name="testcases.SetPriority" time="0.036" errors="0" timestamp="2022-07-29T13:56:42 IST" skipped="1">
  <testcase classname="testcases.SetPriority" name="atest1" time="0.032"/>
  <system-out/>
  <testcase classname="testcases.SetPriority" name="ctest3" time="0.004"/>
  <system-out/>
  <testcase classname="testcases.SetPriority" name="btest2">
    <skipped/>
  </testcase> <!-- btest2 -->
  <system-out/>
</testsuite> <!-- testcases.SetPriority -->
