<?xml version="1.0" encoding="UTF-8"?>
<!-- Generated by org.testng.reporters.JUnitReportReporter -->
<testsuite hostname="DESKTOP-FIOVNQL" failures="0" tests="4" name="testcases.TestCasesGroup" time="0.046" errors="0" timestamp="2022-07-29T12:53:59 IST" skipped="0">
  <testcase classname="testcases.TestCasesGroup" name="test3" time="0.003"/>
  <system-out/>
  <testcase classname="testcases.TestCasesGroup" name="test2" time="0.008"/>
  <system-out/>
  <testcase classname="testcases.TestCasesGroup" name="test1" time="0.031"/>
  <system-out/>
  <testcase classname="testcases.TestCasesGroup" name="test4" time="0.004"/>
  <system-out/>
</testsuite> <!-- testcases.TestCasesGroup -->
