<?xml version="1.0" encoding="UTF-8"?>
<!-- Generated by org.testng.reporters.JUnitReportReporter -->
<testsuite hostname="DESKTOP-FIOVNQL" failures="0" tests="1" name="testcases.ListenerUsages" time="0.035" errors="0" timestamp="2022-08-03T16:48:15 IST" skipped="0">
  <testcase classname="testcases.ListenerUsages" name="test" time="0.035"/>
  <system-out/>
</testsuite> <!-- testcases.ListenerUsages -->
