<?xml version="1.0" encoding="UTF-8"?>
<!-- Generated by org.testng.reporters.JUnitReportReporter -->
<testsuite hostname="DESKTOP-FIOVNQL" failures="0" tests="1" name="testcases.HowToHandleAlerts" time="23.041" errors="0" timestamp="2022-08-04T18:07:42 IST" skipped="0">
  <testcase classname="testcases.HowToHandleAlerts" name="handleAlerts" time="23.041"/>
  <system-out/>
</testsuite> <!-- testcases.HowToHandleAlerts -->
