<?xml version="1.0" encoding="UTF-8"?>
<!-- Generated by org.testng.reporters.JUnitReportReporter -->
<testsuite hostname="DESKTOP-FIOVNQL" failures="0" tests="2" name="testcases.TestNGAnnotations" time="65.058" errors="0" timestamp="2022-07-29T12:15:58 IST" skipped="0">
  <testcase classname="testcases.TestNGAnnotations" name="Annotations2" time="30.820"/>
  <system-out/>
  <testcase classname="testcases.TestNGAnnotations" name="Annotations1" time="34.238"/>
  <system-out/>
</testsuite> <!-- testcases.TestNGAnnotations -->
